[2021-04-15T09:43:56.833] [DEBUG] cheese - login => username:sy,password:123456
[2021-04-15T09:43:56.836] [DEBUG] cheese - sy
[2021-04-15T09:43:56.842] [DEBUG] cheese - null
[2021-04-15T09:43:56.843] [DEBUG] cheese - null
[2021-04-15T09:44:50.813] [DEBUG] cheese - login => username:admin,password:123456
[2021-04-15T09:44:50.813] [DEBUG] cheese - admin
[2021-04-15T09:44:50.817] [DEBUG] cheese - null
[2021-04-15T09:44:50.818] [DEBUG] cheese - null
[2021-04-15T22:21:25.097] [DEBUG] cheese - login => username:admin,password:123456
[2021-04-15T22:21:25.098] [DEBUG] cheese - admin
[2021-04-15T22:21:25.107] [DEBUG] cheese - null
[2021-04-15T22:21:25.107] [DEBUG] cheese - null
[2021-04-15T22:27:10.328] [DEBUG] cheese - login => username:admin,password:11111111
[2021-04-15T22:27:10.328] [DEBUG] cheese - admin
[2021-04-15T22:27:10.330] [DEBUG] cheese - null
[2021-04-15T22:27:10.330] [DEBUG] cheese - null
[2021-04-15T22:29:25.263] [DEBUG] cheese - login => username:admin,password:111111
[2021-04-15T22:29:25.263] [DEBUG] cheese - admin
[2021-04-15T22:29:25.265] [DEBUG] cheese - null
[2021-04-15T22:29:25.265] [DEBUG] cheese - null
[2021-04-15T22:29:31.034] [DEBUG] cheese - login => username:admin,password:123456
[2021-04-15T22:29:31.035] [DEBUG] cheese - admin
[2021-04-15T22:29:31.036] [DEBUG] cheese - null
[2021-04-15T22:29:31.036] [DEBUG] cheese - null
[2021-04-15T22:33:47.818] [DEBUG] cheese - login => username:admin,password:12345678
[2021-04-15T22:33:47.818] [DEBUG] cheese - admin
[2021-04-15T22:33:47.820] [DEBUG] cheese - null
[2021-04-15T22:33:47.820] [DEBUG] cheese - null
[2021-04-15T22:33:51.154] [DEBUG] cheese - login => username:admin,password:123456
[2021-04-15T22:33:51.154] [DEBUG] cheese - admin
[2021-04-15T22:33:51.155] [DEBUG] cheese - null
[2021-04-15T22:33:51.156] [DEBUG] cheese - null
